info it worked if it ends with ok
verbose cli [ 'node', '/usr/bin/npm', 'install', '-g', 'cors-anywhere' ]
info using npm@1.1.4
info using node@v0.6.12
verbose config file /root/.npmrc
verbose config file /usr/etc/npmrc
verbose config file /usr/share/npm/npmrc
silly exec /usr/bin/node "/usr/share/npm/bin/npm-get-uid-gid.js" "nobody" 0
silly spawning [ '/usr/bin/node',
silly spawning   [ '/usr/share/npm/bin/npm-get-uid-gid.js', 'nobody', 0 ],
silly spawning   null ]
silly output from getuid/gid {"uid":65534,"gid":0}
silly output from getuid/gid 
verbose cache add [ 'cors-anywhere', null ]
silly cache add: name, spec, args [ undefined, 'cors-anywhere', [ 'cors-anywhere', null ] ]
verbose parsed url { pathname: 'cors-anywhere',
verbose parsed url   path: 'cors-anywhere',
verbose parsed url   href: 'cors-anywhere' }
verbose addNamed [ 'cors-anywhere', '' ]
verbose addNamed [ null, '' ]
silly name, range, hasData [ 'cors-anywhere', '', false ]
verbose raw, before any munging cors-anywhere
verbose url resolving [ 'http://registry.npmjs.org/', './cors-anywhere' ]
verbose url resolved http://registry.npmjs.org/cors-anywhere
http GET http://registry.npmjs.org/cors-anywhere
http 200 http://registry.npmjs.org/cors-anywhere
silly get cb [ 200,
silly get cb   { server: 'CouchDB/1.5.0 (Erlang OTP/R16B03)',
silly get cb     etag: '"9ATQUYZJIBW1ZBO8H0QLI1K5R"',
silly get cb     'content-type': 'application/json',
silly get cb     'cache-control': 'max-age=60',
silly get cb     'content-length': '17188',
silly get cb     'accept-ranges': 'bytes',
silly get cb     date: 'Tue, 04 Nov 2014 19:34:44 GMT',
silly get cb     via: '1.1 varnish',
silly get cb     age: '0',
silly get cb     connection: 'keep-alive',
silly get cb     'x-served-by': 'cache-atl6228-ATL',
silly get cb     'x-cache': 'MISS',
silly get cb     'x-cache-hits': '0',
silly get cb     'x-timer': 'S1415129684.171192,VS0,VE308',
silly get cb     vary: 'Accept' } ]
verbose mkdir (expected) error ENOENT, no such file or directory '/root/.npm'
verbose mkdir (expected) error ENOENT, no such file or directory '/root/.npm/cors-anywhere'
verbose mkdir done: /root/.npm/cors-anywhere 755
silly name, range, hasData 2 [ 'cors-anywhere', '', true ]
silly versions [ 'cors-anywhere',
silly versions   [ '0.1.0',
silly versions     '0.1.1',
silly versions     '0.1.2',
silly versions     '0.1.3',
silly versions     '0.1.4',
silly versions     '0.1.5',
silly versions     '0.1.7',
silly versions     '0.1.8',
silly versions     '0.1.9',
silly versions     '0.2.0' ] ]
verbose bin dist [ '0.6-ares1.7.5-evundefined-openssl1.0.1-v83.7.12.22-linux-x64-3.2.0-49-generic',
verbose bin dist   { shasum: '89a084f74a6efa31963841f82b86e3fa90fdf9c0',
verbose bin dist     tarball: 'http://registry.npmjs.org/cors-anywhere/-/cors-anywhere-0.2.0.tgz' } ]
verbose addRemoteTarball [ 'http://registry.npmjs.org/cors-anywhere/-/cors-anywhere-0.2.0.tgz',
verbose addRemoteTarball   '89a084f74a6efa31963841f82b86e3fa90fdf9c0' ]
verbose mkdir (expected) error ENOENT, no such file or directory '/tmp/npm-1415129684571'
verbose mkdir (expected) error ENOENT, no such file or directory '/tmp/npm-1415129684571/1415129684571-0.7399673266336322'
verbose mkdir done: /tmp/npm-1415129684571/1415129684571-0.7399673266336322 755
verbose fetch to /tmp/npm-1415129684571/1415129684571-0.7399673266336322/tmp.tgz
http GET http://registry.npmjs.org/cors-anywhere/-/cors-anywhere-0.2.0.tgz
http 200 http://registry.npmjs.org/cors-anywhere/-/cors-anywhere-0.2.0.tgz
silly updated sha bytes 13803
info shasum 89a084f74a6efa31963841f82b86e3fa90fdf9c0
info shasum /tmp/npm-1415129684571/1415129684571-0.7399673266336322/tmp.tgz
verbose mkdir (expected) error ENOENT, no such file or directory '/tmp/npm-1415129684571/1415129684571-0.7399673266336322/___package.npm'
verbose mkdir done: /tmp/npm-1415129684571/1415129684571-0.7399673266336322/___package.npm 755
verbose unpack_ uid, gid [ 0, 0 ]
verbose unpackTarget /tmp/npm-1415129684571/1415129684571-0.7399673266336322/package
silly gunzTarPerm modes [ '755', '644' ]
silly afterUntar ok
silly asyncMap in gTP /tmp/npm-1415129684571/1415129684571-0.7399673266336322/___package.npm/package
silly asyncMap in gTP /tmp/npm-1415129684571/1415129684571-0.7399673266336322/___package.npm/package/leaktest.sh
silly asyncMap in gTP /tmp/npm-1415129684571/1415129684571-0.7399673266336322/___package.npm/package/package.json
silly asyncMap in gTP /tmp/npm-1415129684571/1415129684571-0.7399673266336322/___package.npm/package/README.md
silly asyncMap in gTP /tmp/npm-1415129684571/1415129684571-0.7399673266336322/___package.npm/package/demo.html
silly asyncMap in gTP /tmp/npm-1415129684571/1415129684571-0.7399673266336322/___package.npm/package/.npmignore
silly asyncMap in gTP /tmp/npm-1415129684571/1415129684571-0.7399673266336322/___package.npm/package/Procfile
silly asyncMap in gTP /tmp/npm-1415129684571/1415129684571-0.7399673266336322/___package.npm/package/server.js
silly asyncMap in gTP /tmp/npm-1415129684571/1415129684571-0.7399673266336322/___package.npm/package/test
silly asyncMap in gTP /tmp/npm-1415129684571/1415129684571-0.7399673266336322/___package.npm/package/test/runner.js
silly asyncMap in gTP /tmp/npm-1415129684571/1415129684571-0.7399673266336322/___package.npm/package/test/sub-no-cors-server.js
silly asyncMap in gTP /tmp/npm-1415129684571/1415129684571-0.7399673266336322/___package.npm/package/test/sub-server.js
silly asyncMap in gTP /tmp/npm-1415129684571/1415129684571-0.7399673266336322/___package.npm/package/lib
silly asyncMap in gTP /tmp/npm-1415129684571/1415129684571-0.7399673266336322/___package.npm/package/lib/help.txt
silly asyncMap in gTP /tmp/npm-1415129684571/1415129684571-0.7399673266336322/___package.npm/package/lib/regexp-top-level-domain.js
silly asyncMap in gTP /tmp/npm-1415129684571/1415129684571-0.7399673266336322/___package.npm/package/lib/cors-anywhere.js
silly chmod leaktest.sh 744
silly chmod package.json 644
silly chmod README.md 644
silly chmod demo.html 644
silly chmod .npmignore 644
silly chmod server.js 644
silly chmod Procfile 644
silly chmod runner.js 644
silly chmod sub-no-cors-server.js 644
silly chmod sub-server.js 644
silly chmod help.txt 644
silly chmod regexp-top-level-domain.js 644
silly chmod cors-anywhere.js 644
verbose gunzed /tmp/npm-1415129684571/1415129684571-0.7399673266336322/___package.npm/package
verbose rm'ed /tmp/npm-1415129684571/1415129684571-0.7399673266336322/package
verbose renamed [ '/tmp/npm-1415129684571/1415129684571-0.7399673266336322/___package.npm/package',
verbose renamed   '/tmp/npm-1415129684571/1415129684571-0.7399673266336322/package' ]
verbose caching /tmp/npm-1415129684571/1415129684571-0.7399673266336322/package/package.json
verbose loadDefaults cors-anywhere@0.2.0
verbose tarball contents [ 'tmp.tgz', 'package' ]
verbose from cache /tmp/npm-1415129684571/1415129684571-0.7399673266336322/package/package.json
verbose pack /tmp/npm-1415129684571/1415129684571-0.7399673266336322/package
verbose pack /tmp/npm-1415129684571/1415129684571-0.7399673266336322/package /root/.npm/cors-anywhere/0.2.0/package.tgz
silly makeList /tmp/npm-1415129684571/1415129684571-0.7399673266336322/package
silly dir, dirLen [ '/tmp/npm-1415129684571/1415129684571-0.7399673266336322/package',
silly dir, dirLen   64 ]
verbose tarball /root/.npm/cors-anywhere/0.2.0/package.tgz
verbose parent /tmp/npm-1415129684571/1415129684571-0.7399673266336322/package
verbose mkdir (expected) error ENOENT, no such file or directory '/root/.npm/cors-anywhere/0.2.0/___package.npm'
verbose mkdir done: /root/.npm/cors-anywhere/0.2.0/___package.npm 755
verbose unpack_ uid, gid [ 0, 0 ]
verbose unpackTarget /root/.npm/cors-anywhere/0.2.0/package
silly gunzTarPerm modes [ '755', '644' ]
silly afterUntar ok
silly asyncMap in gTP /root/.npm/cors-anywhere/0.2.0/___package.npm/package
silly asyncMap in gTP /root/.npm/cors-anywhere/0.2.0/___package.npm/package/leaktest.sh
silly asyncMap in gTP /root/.npm/cors-anywhere/0.2.0/___package.npm/package/package.json
silly asyncMap in gTP /root/.npm/cors-anywhere/0.2.0/___package.npm/package/README.md
silly asyncMap in gTP /root/.npm/cors-anywhere/0.2.0/___package.npm/package/demo.html
silly asyncMap in gTP /root/.npm/cors-anywhere/0.2.0/___package.npm/package/.npmignore
silly asyncMap in gTP /root/.npm/cors-anywhere/0.2.0/___package.npm/package/Procfile
silly asyncMap in gTP /root/.npm/cors-anywhere/0.2.0/___package.npm/package/server.js
silly asyncMap in gTP /root/.npm/cors-anywhere/0.2.0/___package.npm/package/test
silly asyncMap in gTP /root/.npm/cors-anywhere/0.2.0/___package.npm/package/test/runner.js
silly asyncMap in gTP /root/.npm/cors-anywhere/0.2.0/___package.npm/package/test/sub-no-cors-server.js
silly asyncMap in gTP /root/.npm/cors-anywhere/0.2.0/___package.npm/package/test/sub-server.js
silly asyncMap in gTP /root/.npm/cors-anywhere/0.2.0/___package.npm/package/lib
silly asyncMap in gTP /root/.npm/cors-anywhere/0.2.0/___package.npm/package/lib/help.txt
silly asyncMap in gTP /root/.npm/cors-anywhere/0.2.0/___package.npm/package/lib/regexp-top-level-domain.js
silly asyncMap in gTP /root/.npm/cors-anywhere/0.2.0/___package.npm/package/lib/cors-anywhere.js
verbose gunzed /root/.npm/cors-anywhere/0.2.0/___package.npm/package
verbose rm'ed /root/.npm/cors-anywhere/0.2.0/package
verbose renamed [ '/root/.npm/cors-anywhere/0.2.0/___package.npm/package',
verbose renamed   '/root/.npm/cors-anywhere/0.2.0/package' ]
verbose caching /root/.npm/cors-anywhere/0.2.0/package/package.json
verbose loadDefaults cors-anywhere@0.2.0
silly updated sha bytes 13849
info shasum c0fb478b1206365bc361f0289fc5600f199ebf30
info shasum /root/.npm/cors-anywhere/0.2.0/package.tgz
verbose from cache /root/.npm/cors-anywhere/0.2.0/package/package.json
verbose chmod /root/.npm/cors-anywhere/0.2.0/package.tgz 644
verbose chown [ '/root/.npm/cors-anywhere/0.2.0/package.tgz', 0, 0 ]
silly resolved [ { name: 'cors-anywhere',
silly resolved     version: '0.2.0',
silly resolved     description: 'CORS Anywhere is a reverse proxy which adds CORS headers to the proxied request. Request URL is taken from the path',
silly resolved     license: 'MIT',
silly resolved     author: { name: 'Rob Wu', email: 'rob@robwu.nl' },
silly resolved     repository: 
silly resolved      { type: 'git',
silly resolved        url: 'git://github.com/Rob--W/cors-anywhere.git' },
silly resolved     bugs: 
silly resolved      { email: 'rob@robwu.nl',
silly resolved        url: 'https://github.com/Rob--W/cors-anywhere/issues/' },
silly resolved     keywords: [ 'cors', 'cross-domain', 'http-proxy', 'proxy', 'heroku' ],
silly resolved     main: './lib/cors-anywhere.js',
silly resolved     dependencies: { 'http-proxy': '1.3.0' },
silly resolved     devDependencies: { 'webkit-devtools-agent': '~0.2.1' },
silly resolved     engines: { node: '>=0.6.6', npm: '>=1.1.0' },
silly resolved     _id: 'cors-anywhere@0.2.0',
silly resolved     scripts: { start: 'node server.js' },
silly resolved     optionalDependencies: {},
silly resolved     _engineSupported: true,
silly resolved     _npmVersion: '1.1.4',
silly resolved     _nodeVersion: 'v0.6.12',
silly resolved     _defaultsLoaded: true,
silly resolved     dist: { shasum: 'c0fb478b1206365bc361f0289fc5600f199ebf30' },
silly resolved     _from: 'cors-anywhere' } ]
info into /usr/local/lib cors-anywhere@0.2.0
info installOne cors-anywhere@0.2.0
verbose from cache /root/.npm/cors-anywhere/0.2.0/package/package.json
info unbuild /usr/local/lib/node_modules/cors-anywhere
verbose mkdir (expected) error ENOENT, no such file or directory '/usr/local/lib/node_modules'
verbose mkdir (expected) error ENOENT, no such file or directory '/usr/local/lib/node_modules/___cors-anywhere.npm'
verbose mkdir done: /usr/local/lib/node_modules/___cors-anywhere.npm 755
verbose unpack_ uid, gid [ 65534, 0 ]
verbose unpackTarget /usr/local/lib/node_modules/cors-anywhere
silly gunzTarPerm modes [ '755', '644' ]
silly afterUntar ok
silly asyncMap in gTP /usr/local/lib/node_modules/___cors-anywhere.npm/package
silly asyncMap in gTP /usr/local/lib/node_modules/___cors-anywhere.npm/package/leaktest.sh
silly asyncMap in gTP /usr/local/lib/node_modules/___cors-anywhere.npm/package/package.json
silly asyncMap in gTP /usr/local/lib/node_modules/___cors-anywhere.npm/package/README.md
silly asyncMap in gTP /usr/local/lib/node_modules/___cors-anywhere.npm/package/demo.html
silly asyncMap in gTP /usr/local/lib/node_modules/___cors-anywhere.npm/package/.npmignore
silly asyncMap in gTP /usr/local/lib/node_modules/___cors-anywhere.npm/package/Procfile
silly asyncMap in gTP /usr/local/lib/node_modules/___cors-anywhere.npm/package/server.js
silly asyncMap in gTP /usr/local/lib/node_modules/___cors-anywhere.npm/package/test
silly asyncMap in gTP /usr/local/lib/node_modules/___cors-anywhere.npm/package/test/runner.js
silly asyncMap in gTP /usr/local/lib/node_modules/___cors-anywhere.npm/package/test/sub-no-cors-server.js
silly asyncMap in gTP /usr/local/lib/node_modules/___cors-anywhere.npm/package/test/sub-server.js
silly asyncMap in gTP /usr/local/lib/node_modules/___cors-anywhere.npm/package/lib
silly asyncMap in gTP /usr/local/lib/node_modules/___cors-anywhere.npm/package/lib/help.txt
silly asyncMap in gTP /usr/local/lib/node_modules/___cors-anywhere.npm/package/lib/regexp-top-level-domain.js
silly asyncMap in gTP /usr/local/lib/node_modules/___cors-anywhere.npm/package/lib/cors-anywhere.js
verbose gunzed /usr/local/lib/node_modules/___cors-anywhere.npm/package
verbose rm'ed /usr/local/lib/node_modules/cors-anywhere
verbose renamed [ '/usr/local/lib/node_modules/___cors-anywhere.npm/package',
verbose renamed   '/usr/local/lib/node_modules/cors-anywhere' ]
verbose caching /usr/local/lib/node_modules/cors-anywhere/package.json
verbose loadDefaults cors-anywhere@0.2.0
info preinstall cors-anywhere@0.2.0
verbose from cache /usr/local/lib/node_modules/cors-anywhere/package.json
verbose readDependencies: using package.json deps
verbose from cache /usr/local/lib/node_modules/cors-anywhere/package.json
verbose readDependencies: using package.json deps
verbose cache add [ 'http-proxy@1.3.0', null ]
silly cache add: name, spec, args [ undefined, 'http-proxy@1.3.0', [ 'http-proxy@1.3.0', null ] ]
verbose parsed url { pathname: 'http-proxy@1.3.0',
verbose parsed url   path: 'http-proxy@1.3.0',
verbose parsed url   href: 'http-proxy@1.3.0' }
silly cache add: name, spec, args [ 'http-proxy', '1.3.0', [ 'http-proxy', '1.3.0' ] ]
verbose parsed url { pathname: '1.3.0', path: '1.3.0', href: '1.3.0' }
verbose addNamed [ 'http-proxy', '1.3.0' ]
verbose addNamed [ '1.3.0', '1.3.0' ]
verbose raw, before any munging http-proxy/1.3.0
verbose url resolving [ 'http://registry.npmjs.org/', './http-proxy/1.3.0' ]
verbose url resolved http://registry.npmjs.org/http-proxy/1.3.0
http GET http://registry.npmjs.org/http-proxy/1.3.0
http 200 http://registry.npmjs.org/http-proxy/1.3.0
silly get cb [ 200,
silly get cb   { server: 'CouchDB/1.5.0 (Erlang OTP/R16B03)',
silly get cb     etag: '"9HCSGIXO97D55WFYH03GIN9HH"',
silly get cb     'content-type': 'application/json',
silly get cb     'cache-control': 'max-age=60',
silly get cb     'content-length': '1531',
silly get cb     'accept-ranges': 'bytes',
silly get cb     date: 'Tue, 04 Nov 2014 19:34:45 GMT',
silly get cb     via: '1.1 varnish',
silly get cb     age: '0',
silly get cb     connection: 'keep-alive',
silly get cb     'x-served-by': 'cache-atl6226-ATL',
silly get cb     'x-cache': 'MISS',
silly get cb     'x-cache-hits': '0',
silly get cb     'x-timer': 'S1415129685.122233,VS0,VE123',
silly get cb     vary: 'Accept' } ]
verbose mkdir (expected) error ENOENT, no such file or directory '/root/.npm/http-proxy'
verbose mkdir (expected) error ENOENT, no such file or directory '/root/.npm/http-proxy/1.3.0'
verbose mkdir done: /root/.npm/http-proxy/1.3.0 755
verbose bin dist [ '0.6-ares1.7.5-evundefined-openssl1.0.1-v83.7.12.22-linux-x64-3.2.0-49-generic',
verbose bin dist   { shasum: '21fa4368accc09c6341abb9c16275db4645053fa',
verbose bin dist     tarball: 'http://registry.npmjs.org/http-proxy/-/http-proxy-1.3.0.tgz' } ]
verbose addRemoteTarball [ 'http://registry.npmjs.org/http-proxy/-/http-proxy-1.3.0.tgz',
verbose addRemoteTarball   '21fa4368accc09c6341abb9c16275db4645053fa' ]
verbose mkdir (expected) error ENOENT, no such file or directory '/tmp/npm-1415129684571/1415129685275-0.9736179676838219'
verbose mkdir done: /tmp/npm-1415129684571/1415129685275-0.9736179676838219 755
verbose fetch to /tmp/npm-1415129684571/1415129685275-0.9736179676838219/tmp.tgz
http GET http://registry.npmjs.org/http-proxy/-/http-proxy-1.3.0.tgz
http 200 http://registry.npmjs.org/http-proxy/-/http-proxy-1.3.0.tgz
silly updated sha bytes 40960
silly updated sha bytes 20414
info shasum 21fa4368accc09c6341abb9c16275db4645053fa
info shasum /tmp/npm-1415129684571/1415129685275-0.9736179676838219/tmp.tgz
verbose mkdir (expected) error ENOENT, no such file or directory '/tmp/npm-1415129684571/1415129685275-0.9736179676838219/___package.npm'
verbose mkdir done: /tmp/npm-1415129684571/1415129685275-0.9736179676838219/___package.npm 755
verbose unpack_ uid, gid [ 0, 0 ]
verbose unpackTarget /tmp/npm-1415129684571/1415129685275-0.9736179676838219/package
silly gunzTarPerm modes [ '755', '644' ]
silly afterUntar ok
silly asyncMap in gTP /tmp/npm-1415129684571/1415129685275-0.9736179676838219/___package.npm/package
silly asyncMap in gTP /tmp/npm-1415129684571/1415129685275-0.9736179676838219/___package.npm/package/UPGRADING.md
silly asyncMap in gTP /tmp/npm-1415129684571/1415129685275-0.9736179676838219/___package.npm/package/package.json
silly asyncMap in gTP /tmp/npm-1415129684571/1415129685275-0.9736179676838219/___package.npm/package/README.md
silly asyncMap in gTP /tmp/npm-1415129684571/1415129685275-0.9736179676838219/___package.npm/package/.npmignore
silly asyncMap in gTP /tmp/npm-1415129684571/1415129685275-0.9736179676838219/___package.npm/package/.travis.yml
silly asyncMap in gTP /tmp/npm-1415129684571/1415129685275-0.9736179676838219/___package.npm/package/LICENSE
silly asyncMap in gTP /tmp/npm-1415129684571/1415129685275-0.9736179676838219/___package.npm/package/index.js
silly asyncMap in gTP /tmp/npm-1415129684571/1415129685275-0.9736179676838219/___package.npm/package/CHANGELOG.md
silly asyncMap in gTP /tmp/npm-1415129684571/1415129685275-0.9736179676838219/___package.npm/package/doc
silly asyncMap in gTP /tmp/npm-1415129684571/1415129685275-0.9736179676838219/___package.npm/package/doc/logo.png
silly asyncMap in gTP /tmp/npm-1415129684571/1415129685275-0.9736179676838219/___package.npm/package/test
silly asyncMap in gTP /tmp/npm-1415129684571/1415129685275-0.9736179676838219/___package.npm/package/test/lib-http-proxy-passes-ws-incoming-test.js
silly asyncMap in gTP /tmp/npm-1415129684571/1415129685275-0.9736179676838219/___package.npm/package/test/lib-http-proxy-passes-web-incoming-test.js
silly asyncMap in gTP /tmp/npm-1415129684571/1415129685275-0.9736179676838219/___package.npm/package/test/lib-https-proxy-test.js
silly asyncMap in gTP /tmp/npm-1415129684571/1415129685275-0.9736179676838219/___package.npm/package/test/examples-test.js
silly asyncMap in gTP /tmp/npm-1415129684571/1415129685275-0.9736179676838219/___package.npm/package/test/lib-http-proxy-passes-web-outgoing-test.js
silly asyncMap in gTP /tmp/npm-1415129684571/1415129685275-0.9736179676838219/___package.npm/package/test/lib-http-proxy-common-test.js
silly asyncMap in gTP /tmp/npm-1415129684571/1415129685275-0.9736179676838219/___package.npm/package/test/lib-http-proxy-test.js
silly asyncMap in gTP /tmp/npm-1415129684571/1415129685275-0.9736179676838219/___package.npm/package/test/fixtures
silly asyncMap in gTP /tmp/npm-1415129684571/1415129685275-0.9736179676838219/___package.npm/package/test/fixtures/agent2-key.pem
silly asyncMap in gTP /tmp/npm-1415129684571/1415129685275-0.9736179676838219/___package.npm/package/test/fixtures/agent2.cnf
silly asyncMap in gTP /tmp/npm-1415129684571/1415129685275-0.9736179676838219/___package.npm/package/test/fixtures/agent2-cert.pem
silly asyncMap in gTP /tmp/npm-1415129684571/1415129685275-0.9736179676838219/___package.npm/package/test/fixtures/agent2-csr.pem
silly asyncMap in gTP /tmp/npm-1415129684571/1415129685275-0.9736179676838219/___package.npm/package/examples
silly asyncMap in gTP /tmp/npm-1415129684571/1415129685275-0.9736179676838219/___package.npm/package/examples/package.json
silly asyncMap in gTP /tmp/npm-1415129684571/1415129685275-0.9736179676838219/___package.npm/package/examples/balancer
silly asyncMap in gTP /tmp/npm-1415129684571/1415129685275-0.9736179676838219/___package.npm/package/examples/balancer/simple-balancer-with-websockets.js
silly asyncMap in gTP /tmp/npm-1415129684571/1415129685275-0.9736179676838219/___package.npm/package/examples/balancer/simple-balancer.js
silly asyncMap in gTP /tmp/npm-1415129684571/1415129685275-0.9736179676838219/___package.npm/package/examples/helpers
silly asyncMap in gTP /tmp/npm-1415129684571/1415129685275-0.9736179676838219/___package.npm/package/examples/helpers/store.js
silly asyncMap in gTP /tmp/npm-1415129684571/1415129685275-0.9736179676838219/___package.npm/package/examples/middleware
silly asyncMap in gTP /tmp/npm-1415129684571/1415129685275-0.9736179676838219/___package.npm/package/examples/middleware/modifyResponse-middleware.js
silly asyncMap in gTP /tmp/npm-1415129684571/1415129685275-0.9736179676838219/___package.npm/package/examples/middleware/gzip-middleware.js
silly asyncMap in gTP /tmp/npm-1415129684571/1415129685275-0.9736179676838219/___package.npm/package/examples/middleware/bodyDecoder-middleware.js
silly asyncMap in gTP /tmp/npm-1415129684571/1415129685275-0.9736179676838219/___package.npm/package/examples/websocket
silly asyncMap in gTP /tmp/npm-1415129684571/1415129685275-0.9736179676838219/___package.npm/package/examples/websocket/standalone-websocket-proxy.js
silly asyncMap in gTP /tmp/npm-1415129684571/1415129685275-0.9736179676838219/___package.npm/package/examples/websocket/latent-websocket-proxy.js
silly asyncMap in gTP /tmp/npm-1415129684571/1415129685275-0.9736179676838219/___package.npm/package/examples/websocket/websocket-proxy.js
silly asyncMap in gTP /tmp/npm-1415129684571/1415129685275-0.9736179676838219/___package.npm/package/examples/http
silly asyncMap in gTP /tmp/npm-1415129684571/1415129685275-0.9736179676838219/___package.npm/package/examples/http/proxy-https-to-http.js
silly asyncMap in gTP /tmp/npm-1415129684571/1415129685275-0.9736179676838219/___package.npm/package/examples/http/error-handling.js
silly asyncMap in gTP /tmp/npm-1415129684571/1415129685275-0.9736179676838219/___package.npm/package/examples/http/latent-proxy.js
silly asyncMap in gTP /tmp/npm-1415129684571/1415129685275-0.9736179676838219/___package.npm/package/examples/http/concurrent-proxy.js
silly asyncMap in gTP /tmp/npm-1415129684571/1415129685275-0.9736179676838219/___package.npm/package/examples/http/custom-proxy-error.js
silly asyncMap in gTP /tmp/npm-1415129684571/1415129685275-0.9736179676838219/___package.npm/package/examples/http/forward-proxy.js
silly asyncMap in gTP /tmp/npm-1415129684571/1415129685275-0.9736179676838219/___package.npm/package/examples/http/forward-and-target-proxy.js
silly asyncMap in gTP /tmp/npm-1415129684571/1415129685275-0.9736179676838219/___package.npm/package/examples/http/proxy-http-to-https.js
silly asyncMap in gTP /tmp/npm-1415129684571/1415129685275-0.9736179676838219/___package.npm/package/examples/http/basic-proxy.js
silly asyncMap in gTP /tmp/npm-1415129684571/1415129685275-0.9736179676838219/___package.npm/package/examples/http/proxy-https-to-https.js
silly asyncMap in gTP /tmp/npm-1415129684571/1415129685275-0.9736179676838219/___package.npm/package/examples/http/standalone-proxy.js
silly asyncMap in gTP /tmp/npm-1415129684571/1415129685275-0.9736179676838219/___package.npm/package/benchmark
silly asyncMap in gTP /tmp/npm-1415129684571/1415129685275-0.9736179676838219/___package.npm/package/benchmark/README.md
silly asyncMap in gTP /tmp/npm-1415129684571/1415129685275-0.9736179676838219/___package.npm/package/benchmark/scripts
silly asyncMap in gTP /tmp/npm-1415129684571/1415129685275-0.9736179676838219/___package.npm/package/benchmark/scripts/hello.js
silly asyncMap in gTP /tmp/npm-1415129684571/1415129685275-0.9736179676838219/___package.npm/package/benchmark/scripts/proxy.js
silly asyncMap in gTP /tmp/npm-1415129684571/1415129685275-0.9736179676838219/___package.npm/package/benchmark/scripts/websockets-throughput.js
silly asyncMap in gTP /tmp/npm-1415129684571/1415129685275-0.9736179676838219/___package.npm/package/lib
silly asyncMap in gTP /tmp/npm-1415129684571/1415129685275-0.9736179676838219/___package.npm/package/lib/http-proxy.js
silly asyncMap in gTP /tmp/npm-1415129684571/1415129685275-0.9736179676838219/___package.npm/package/lib/http-proxy
silly asyncMap in gTP /tmp/npm-1415129684571/1415129685275-0.9736179676838219/___package.npm/package/lib/http-proxy/index.js
silly asyncMap in gTP /tmp/npm-1415129684571/1415129685275-0.9736179676838219/___package.npm/package/lib/http-proxy/common.js
silly asyncMap in gTP /tmp/npm-1415129684571/1415129685275-0.9736179676838219/___package.npm/package/lib/http-proxy/passes
silly asyncMap in gTP /tmp/npm-1415129684571/1415129685275-0.9736179676838219/___package.npm/package/lib/http-proxy/passes/ws-incoming.js
silly asyncMap in gTP /tmp/npm-1415129684571/1415129685275-0.9736179676838219/___package.npm/package/lib/http-proxy/passes/web-outgoing.js
silly asyncMap in gTP /tmp/npm-1415129684571/1415129685275-0.9736179676838219/___package.npm/package/lib/http-proxy/passes/web-incoming.js
verbose gunzed /tmp/npm-1415129684571/1415129685275-0.9736179676838219/___package.npm/package
verbose rm'ed /tmp/npm-1415129684571/1415129685275-0.9736179676838219/package
verbose renamed [ '/tmp/npm-1415129684571/1415129685275-0.9736179676838219/___package.npm/package',
verbose renamed   '/tmp/npm-1415129684571/1415129685275-0.9736179676838219/package' ]
verbose caching /tmp/npm-1415129684571/1415129685275-0.9736179676838219/package/package.json
verbose loadDefaults http-proxy@1.3.0
verbose tarball contents [ 'tmp.tgz', 'package' ]
verbose from cache /tmp/npm-1415129684571/1415129685275-0.9736179676838219/package/package.json
verbose pack /tmp/npm-1415129684571/1415129685275-0.9736179676838219/package
verbose pack /tmp/npm-1415129684571/1415129685275-0.9736179676838219/package /root/.npm/http-proxy/1.3.0/package.tgz
silly makeList /tmp/npm-1415129684571/1415129685275-0.9736179676838219/package
verbose caching /tmp/npm-1415129684571/1415129685275-0.9736179676838219/package/examples/package.json
verbose loadDefaults http-proxy-examples@0.0.0
silly dir, dirLen [ '/tmp/npm-1415129684571/1415129685275-0.9736179676838219/package/examples',
silly dir, dirLen   73 ]
silly dir, dirLen [ '/tmp/npm-1415129684571/1415129685275-0.9736179676838219/package',
silly dir, dirLen   64 ]
verbose tarball /root/.npm/http-proxy/1.3.0/package.tgz
verbose parent /tmp/npm-1415129684571/1415129685275-0.9736179676838219/package
verbose mkdir (expected) error ENOENT, no such file or directory '/root/.npm/http-proxy/1.3.0/___package.npm'
verbose mkdir done: /root/.npm/http-proxy/1.3.0/___package.npm 755
verbose unpack_ uid, gid [ 0, 0 ]
verbose unpackTarget /root/.npm/http-proxy/1.3.0/package
silly gunzTarPerm modes [ '755', '644' ]
silly afterUntar ok
silly asyncMap in gTP /root/.npm/http-proxy/1.3.0/___package.npm/package
silly asyncMap in gTP /root/.npm/http-proxy/1.3.0/___package.npm/package/UPGRADING.md
silly asyncMap in gTP /root/.npm/http-proxy/1.3.0/___package.npm/package/package.json
silly asyncMap in gTP /root/.npm/http-proxy/1.3.0/___package.npm/package/README.md
silly asyncMap in gTP /root/.npm/http-proxy/1.3.0/___package.npm/package/.npmignore
silly asyncMap in gTP /root/.npm/http-proxy/1.3.0/___package.npm/package/.travis.yml
silly asyncMap in gTP /root/.npm/http-proxy/1.3.0/___package.npm/package/LICENSE
silly asyncMap in gTP /root/.npm/http-proxy/1.3.0/___package.npm/package/index.js
silly asyncMap in gTP /root/.npm/http-proxy/1.3.0/___package.npm/package/CHANGELOG.md
silly asyncMap in gTP /root/.npm/http-proxy/1.3.0/___package.npm/package/doc
silly asyncMap in gTP /root/.npm/http-proxy/1.3.0/___package.npm/package/doc/logo.png
silly asyncMap in gTP /root/.npm/http-proxy/1.3.0/___package.npm/package/test
silly asyncMap in gTP /root/.npm/http-proxy/1.3.0/___package.npm/package/test/lib-http-proxy-passes-ws-incoming-test.js
silly asyncMap in gTP /root/.npm/http-proxy/1.3.0/___package.npm/package/test/lib-http-proxy-passes-web-incoming-test.js
silly asyncMap in gTP /root/.npm/http-proxy/1.3.0/___package.npm/package/test/lib-https-proxy-test.js
silly asyncMap in gTP /root/.npm/http-proxy/1.3.0/___package.npm/package/test/examples-test.js
silly asyncMap in gTP /root/.npm/http-proxy/1.3.0/___package.npm/package/test/lib-http-proxy-passes-web-outgoing-test.js
silly asyncMap in gTP /root/.npm/http-proxy/1.3.0/___package.npm/package/test/lib-http-proxy-common-test.js
silly asyncMap in gTP /root/.npm/http-proxy/1.3.0/___package.npm/package/test/lib-http-proxy-test.js
silly asyncMap in gTP /root/.npm/http-proxy/1.3.0/___package.npm/package/test/fixtures
silly asyncMap in gTP /root/.npm/http-proxy/1.3.0/___package.npm/package/test/fixtures/agent2-key.pem
silly asyncMap in gTP /root/.npm/http-proxy/1.3.0/___package.npm/package/test/fixtures/agent2.cnf
silly asyncMap in gTP /root/.npm/http-proxy/1.3.0/___package.npm/package/test/fixtures/agent2-cert.pem
silly asyncMap in gTP /root/.npm/http-proxy/1.3.0/___package.npm/package/test/fixtures/agent2-csr.pem
silly asyncMap in gTP /root/.npm/http-proxy/1.3.0/___package.npm/package/benchmark
silly asyncMap in gTP /root/.npm/http-proxy/1.3.0/___package.npm/package/benchmark/README.md
silly asyncMap in gTP /root/.npm/http-proxy/1.3.0/___package.npm/package/benchmark/scripts
silly asyncMap in gTP /root/.npm/http-proxy/1.3.0/___package.npm/package/benchmark/scripts/hello.js
silly asyncMap in gTP /root/.npm/http-proxy/1.3.0/___package.npm/package/benchmark/scripts/proxy.js
silly asyncMap in gTP /root/.npm/http-proxy/1.3.0/___package.npm/package/benchmark/scripts/websockets-throughput.js
silly asyncMap in gTP /root/.npm/http-proxy/1.3.0/___package.npm/package/examples
silly asyncMap in gTP /root/.npm/http-proxy/1.3.0/___package.npm/package/examples/package.json
silly asyncMap in gTP /root/.npm/http-proxy/1.3.0/___package.npm/package/examples/balancer
silly asyncMap in gTP /root/.npm/http-proxy/1.3.0/___package.npm/package/examples/balancer/simple-balancer-with-websockets.js
silly asyncMap in gTP /root/.npm/http-proxy/1.3.0/___package.npm/package/examples/balancer/simple-balancer.js
silly asyncMap in gTP /root/.npm/http-proxy/1.3.0/___package.npm/package/examples/helpers
silly asyncMap in gTP /root/.npm/http-proxy/1.3.0/___package.npm/package/examples/helpers/store.js
silly asyncMap in gTP /root/.npm/http-proxy/1.3.0/___package.npm/package/examples/middleware
silly asyncMap in gTP /root/.npm/http-proxy/1.3.0/___package.npm/package/examples/middleware/modifyResponse-middleware.js
silly asyncMap in gTP /root/.npm/http-proxy/1.3.0/___package.npm/package/examples/middleware/gzip-middleware.js
silly asyncMap in gTP /root/.npm/http-proxy/1.3.0/___package.npm/package/examples/middleware/bodyDecoder-middleware.js
silly asyncMap in gTP /root/.npm/http-proxy/1.3.0/___package.npm/package/examples/http
silly asyncMap in gTP /root/.npm/http-proxy/1.3.0/___package.npm/package/examples/http/proxy-https-to-http.js
silly asyncMap in gTP /root/.npm/http-proxy/1.3.0/___package.npm/package/examples/http/error-handling.js
silly asyncMap in gTP /root/.npm/http-proxy/1.3.0/___package.npm/package/examples/http/latent-proxy.js
silly asyncMap in gTP /root/.npm/http-proxy/1.3.0/___package.npm/package/examples/http/concurrent-proxy.js
silly asyncMap in gTP /root/.npm/http-proxy/1.3.0/___package.npm/package/examples/http/custom-proxy-error.js
silly asyncMap in gTP /root/.npm/http-proxy/1.3.0/___package.npm/package/examples/http/forward-proxy.js
silly asyncMap in gTP /root/.npm/http-proxy/1.3.0/___package.npm/package/examples/http/forward-and-target-proxy.js
silly asyncMap in gTP /root/.npm/http-proxy/1.3.0/___package.npm/package/examples/http/proxy-http-to-https.js
silly asyncMap in gTP /root/.npm/http-proxy/1.3.0/___package.npm/package/examples/http/basic-proxy.js
silly asyncMap in gTP /root/.npm/http-proxy/1.3.0/___package.npm/package/examples/http/proxy-https-to-https.js
silly asyncMap in gTP /root/.npm/http-proxy/1.3.0/___package.npm/package/examples/http/standalone-proxy.js
silly asyncMap in gTP /root/.npm/http-proxy/1.3.0/___package.npm/package/examples/websocket
silly asyncMap in gTP /root/.npm/http-proxy/1.3.0/___package.npm/package/examples/websocket/standalone-websocket-proxy.js
silly asyncMap in gTP /root/.npm/http-proxy/1.3.0/___package.npm/package/examples/websocket/latent-websocket-proxy.js
silly asyncMap in gTP /root/.npm/http-proxy/1.3.0/___package.npm/package/examples/websocket/websocket-proxy.js
silly asyncMap in gTP /root/.npm/http-proxy/1.3.0/___package.npm/package/lib
silly asyncMap in gTP /root/.npm/http-proxy/1.3.0/___package.npm/package/lib/http-proxy.js
silly asyncMap in gTP /root/.npm/http-proxy/1.3.0/___package.npm/package/lib/http-proxy
silly asyncMap in gTP /root/.npm/http-proxy/1.3.0/___package.npm/package/lib/http-proxy/index.js
silly asyncMap in gTP /root/.npm/http-proxy/1.3.0/___package.npm/package/lib/http-proxy/common.js
silly asyncMap in gTP /root/.npm/http-proxy/1.3.0/___package.npm/package/lib/http-proxy/passes
silly asyncMap in gTP /root/.npm/http-proxy/1.3.0/___package.npm/package/lib/http-proxy/passes/ws-incoming.js
silly asyncMap in gTP /root/.npm/http-proxy/1.3.0/___package.npm/package/lib/http-proxy/passes/web-outgoing.js
silly asyncMap in gTP /root/.npm/http-proxy/1.3.0/___package.npm/package/lib/http-proxy/passes/web-incoming.js
verbose gunzed /root/.npm/http-proxy/1.3.0/___package.npm/package
verbose rm'ed /root/.npm/http-proxy/1.3.0/package
verbose renamed [ '/root/.npm/http-proxy/1.3.0/___package.npm/package',
verbose renamed   '/root/.npm/http-proxy/1.3.0/package' ]
verbose caching /root/.npm/http-proxy/1.3.0/package/package.json
verbose loadDefaults http-proxy@1.3.0
silly updated sha bytes 40960
silly updated sha bytes 20179
info shasum 9ad07ba633bf478170981559b5c98b69e106a895
info shasum /root/.npm/http-proxy/1.3.0/package.tgz
verbose from cache /root/.npm/http-proxy/1.3.0/package/package.json
verbose chmod /root/.npm/http-proxy/1.3.0/package.tgz 644
verbose chown [ '/root/.npm/http-proxy/1.3.0/package.tgz', 0, 0 ]
silly resolved [ { name: 'http-proxy',
silly resolved     version: '1.3.0',
silly resolved     repository: 
silly resolved      { type: 'git',
silly resolved        url: 'git://github.com/nodejitsu/node-http-proxy.git' },
silly resolved     description: 'HTTP proxying for the masses',
silly resolved     author: { name: 'Nodejitsu Inc.', email: 'info@nodejitsu.com' },
silly resolved     maintainers: 
silly resolved      [ { name: 'yawnt', email: 'yawnt@nodejitsu.com' },
silly resolved        { name: 'indexzero', email: 'charlie@nodejitsu.com' } ],
silly resolved     main: 'index.js',
silly resolved     dependencies: { eventemitter3: '*' },
silly resolved     devDependencies: 
silly resolved      { mocha: '*',
silly resolved        'expect.js': '*',
silly resolved        dox: '*',
silly resolved        coveralls: '*',
silly resolved        'mocha-lcov-reporter': '*',
silly resolved        blanket: '*',
silly resolved        ws: '*',
silly resolved        'socket.io': '*',
silly resolved        'socket.io-client': '*',
silly resolved        async: '*' },
silly resolved     scripts: 
silly resolved      { coveralls: 'mocha --require blanket --reporter mocha-lcov-reporter | ./node_modules/coveralls/bin/coveralls.js',
silly resolved        blanket: { pattern: 'lib/http-proxy' },
silly resolved        test: 'mocha -R landing test/*-test.js',
silly resolved        'test-cov': 'mocha --require blanket -R html-cov > cov/coverage.html' },
silly resolved     engines: { node: '>=0.10.0' },
silly resolved     license: 'MIT',
silly resolved     _id: 'http-proxy@1.3.0',
silly resolved     optionalDependencies: {},
silly resolved     _engineSupported: false,
silly resolved     _npmVersion: '1.1.4',
silly resolved     _nodeVersion: 'v0.6.12',
silly resolved     _defaultsLoaded: true,
silly resolved     dist: { shasum: '9ad07ba633bf478170981559b5c98b69e106a895' },
silly resolved     _from: 'http-proxy@1.3.0' } ]
info into /usr/local/lib/node_modules/cors-anywhere http-proxy@1.3.0
info installOne http-proxy@1.3.0
verbose installOne cb http-proxy@1.3.0
verbose about to build /usr/local/lib/node_modules/cors-anywhere
ERR! error installing cors-anywhere@0.2.0
info unbuild /usr/local/lib/node_modules/cors-anywhere
verbose from cache /usr/local/lib/node_modules/cors-anywhere/package.json
info preuninstall cors-anywhere@0.2.0
info uninstall cors-anywhere@0.2.0
verbose unbuild cors-anywhere@0.2.0 [ true,
verbose unbuild cors-anywhere@0.2.0   '/usr/local/lib/node_modules',
verbose unbuild cors-anywhere@0.2.0   '/usr/local/lib/node_modules' ]
info postuninstall cors-anywhere@0.2.0
verbose installOne cb cors-anywhere@0.2.0
ERR! Unsupported
ERR! Not compatible with your version of node/npm: http-proxy@1.3.0
ERR! Required: {"node":">=0.10.0"}
ERR! Actual:   {"npm":"1.1.4","node":"0.6.12"}
ERR! 
ERR! System Linux 3.2.0-49-generic
ERR! command "node" "/usr/bin/npm" "install" "-g" "cors-anywhere"
ERR! cwd /var/www/sestevez/so_cockpit
ERR! node -v v0.6.12
ERR! npm -v 1.1.4
ERR! code ENOTSUP
ERR! message Unsupported
ERR! errno {}
verbose exit [ 1, true ]
